<?xml version="1.0" encoding="UTF-8"?>
<!-- Generated by org.testng.reporters.JUnitReportReporter -->
<testsuite hostname="DESKTOP-MTSPVRR" failures="0" tests="5" name="selenium.Testing1" time="0.010" errors="0" timestamp="2022-08-13T15:01:21 EDT" skipped="0">
  <testcase classname="selenium.Testing1" name="abc" time="0.001"/>
  <system-out/>
  <testcase classname="selenium.Testing1" name="test1" time="0.002"/>
  <system-out/>
  <testcase classname="selenium.Testing1" name="abc" time="0.003"/>
  <system-out/>
  <testcase classname="selenium.Testing1" name="test3" time="0.002"/>
  <system-out/>
  <testcase classname="selenium.Testing1" name="test2" time="0.002"/>
  <system-out/>
</testsuite> <!-- selenium.Testing1 -->
