<?xml version="1.0" encoding="UTF-8"?>
<!-- Generated by org.testng.reporters.JUnitReportReporter -->
<testsuite hostname="DESKTOP-MTSPVRR" failures="0" tests="2" name="selenium.Testing2" time="0.001" errors="0" timestamp="2022-08-13T15:01:21 EDT" skipped="0">
  <testcase classname="selenium.Testing2" name="test5" time="0.001"/>
  <system-out/>
  <testcase classname="selenium.Testing2" name="test4" time="0.000"/>
  <system-out/>
</testsuite> <!-- selenium.Testing2 -->
